#
# A fatal error has been detected by the Java Runtime Environment:
#
#  EXCEPTION_ACCESS_VIOLATION (0xc0000005) at pc=0x62be7d00, pid=23084, tid=0x000061b0
#
# JRE version: Java(TM) SE Runtime Environment (8.0_231-b11) (build 1.8.0_231-b11)
# Java VM: Java HotSpot(TM) Client VM (25.231-b11 mixed mode windows-x86 )
# Problematic frame:
# V  [jvm.dll+0xd7d00]
#
# Failed to write core dump. Minidumps are not enabled by default on client versions of Windows
#
# If you would like to submit a bug report, please visit:
#   http://bugreport.java.com/bugreport/crash.jsp
#

---------------  T H R E A D  ---------------

Current thread (0x14f5f800):  JavaThread "JDWP Transport Listener: dt_socket" daemon [_thread_in_vm, id=25008, stack(0x15420000,0x15470000)]

siginfo: ExceptionCode=0xc0000005, reading address 0x80001538

Registers:
EAX=0x14ef67e4, EBX=0x14f5f800, ECX=0x04bf8698, EDX=0x80001500
ESP=0x1546f758, EBP=0x1546f774, ESI=0x14f5f940, EDI=0x65a9f15c
EIP=0x62be7d00, EFLAGS=0x00010246

Top of Stack: (sp=0x1546f758)
0x1546f758:   65a9f15c 14f5f940 65aa3dc8 14f5f800
0x1546f768:   00000000 1546f7cc 14fd01c8 65a9f174
0x1546f778:   65a9a7ef 14f5f940 14ef67e4 1546f7e8
0x1546f788:   14ef67e4 1546f7cc 14fd01c8 1546f7e8
0x1546f798:   65a91e59 14ef67e4 1546f7e8 14f5f940
0x1546f7a8:   65a815f7 14f5f940 1546f7e8 1546f7dc
0x1546f7b8:   1546f818 1546f81c 000007e3 1546f7e8
0x1546f7c8:   1546f7e8 1546f868 65a8bdb3 1546f7e8 

Instructions: (pc=0x62be7d00)
0x62be7ce0:   83 7b 04 00 89 5d f0 c7 45 f4 00 00 00 00 74 08
0x62be7cf0:   8d 4d f0 e8 18 42 0d 00 8b 45 0c 8b 08 8b 51 04
0x62be7d00:   8b 42 38 50 56 e8 26 56 08 00 83 c4 08 83 7d f4
0x62be7d10:   00 89 45 08 74 08 8d 4d f0 e8 32 42 0d 00 8b 73 


Register to memory mapping:

EAX=0x14ef67e4 is a global jni handle
EBX=0x14f5f800 is a thread
ECX=
[error occurred during error reporting (printing register info), id 0xc0000005]

Stack: [0x15420000,0x15470000],  sp=0x1546f758,  free space=317k
Native frames: (J=compiled Java code, j=interpreted, Vv=VM code, C=native code)
V  [jvm.dll+0xd7d00]
C  [jdwp.dll+0x1a7ef]


---------------  P R O C E S S  ---------------

Java Threads: ( => current thread )
  0x14fd0c00 JavaThread "Service Thread" daemon [_thread_blocked, id=12276, stack(0x15660000,0x156b0000)]
  0x14fd5800 JavaThread "C1 CompilerThread0" daemon [_thread_blocked, id=25528, stack(0x155d0000,0x15620000)]
  0x14f67c00 JavaThread "JDWP Command Reader" daemon [_thread_in_native, id=9848, stack(0x15540000,0x15590000)]
  0x14f61800 JavaThread "JDWP Event Helper Thread" daemon [_thread_blocked, id=25068, stack(0x154b0000,0x15500000)]
=>0x14f5f800 JavaThread "JDWP Transport Listener: dt_socket" daemon [_thread_in_vm, id=25008, stack(0x15420000,0x15470000)]
  0x14f53c00 JavaThread "Attach Listener" daemon [_thread_blocked, id=6748, stack(0x15390000,0x153e0000)]
  0x14f2cc00 JavaThread "Signal Dispatcher" daemon [_thread_blocked, id=5644, stack(0x15300000,0x15350000)]
  0x14f09c00 JavaThread "Finalizer" daemon [_thread_blocked, id=8772, stack(0x15210000,0x15260000)]
  0x14f07800 JavaThread "Reference Handler" daemon [_thread_blocked, id=23704, stack(0x15180000,0x151d0000)]
  0x025ae400 JavaThread "main" [_thread_blocked, id=13500, stack(0x00a30000,0x00a80000)]

Other Threads:
  0x14ef0c00 VMThread [stack: 0x150f0000,0x15140000] [id=7384]
  0x15020c00 WatcherThread [stack: 0x156f0000,0x15740000] [id=24360]

VM state:synchronizing (normal execution)

VM Mutex/Monitor currently owned by a thread:  ([mutex/lock_event])
[0x025ad238] Threads_lock - owner thread: 0x14ef0c00
[0x025ad9e0] JvmtiThreadState_lock - owner thread: 0x025ae400

Heap:
 def new generation   total 4928K, used 2086K [0x04a00000, 0x04f50000, 0x09f50000)
  eden space 4416K,  47% used [0x04a00000, 0x04c099d8, 0x04e50000)
  from space 512K,   0% used [0x04e50000, 0x04e50000, 0x04ed0000)
  to   space 512K,   0% used [0x04ed0000, 0x04ed0000, 0x04f50000)
 tenured generation   total 10944K, used 0K [0x09f50000, 0x0aa00000, 0x14a00000)
   the space 10944K,   0% used [0x09f50000, 0x09f50000, 0x09f50200, 0x0aa00000)
 Metaspace       used 2189K, capacity 2312K, committed 2368K, reserved 4480K

Card table byte_map: [0x14a00000,0x14a90000] byte_map_base: 0x149db000

Polling page: 0x009b0000

CodeCache: size=32768Kb used=695Kb max_used=695Kb free=32073Kb
 bounds [0x02a00000, 0x02ab0000, 0x04a00000]
 total_blobs=152 nmethods=17 adapters=75
 compilation: enabled

Compilation events (10 events):
Event: 0.269 Thread 0x14fd5800   13             sun.nio.cs.UTF_8$Encoder::encode (359 bytes)
Event: 0.270 Thread 0x14fd5800 nmethod 13 0x02aa8248 code [0x02aa8390, 0x02aa87e8]
Event: 0.270 Thread 0x14fd5800   14             java.lang.String::charAt (29 bytes)
Event: 0.271 Thread 0x14fd5800 nmethod 14 0x02aa8d48 code [0x02aa8e60, 0x02aa8f5c]
Event: 0.271 Thread 0x14fd5800   15             java.lang.Object::<init> (1 bytes)
Event: 0.271 Thread 0x14fd5800 nmethod 15 0x02aa9048 code [0x02aa9140, 0x02aa91d0]
Event: 0.272 Thread 0x14fd5800   16             java.io.WinNTFileSystem::normalize (231 bytes)
Event: 0.274 Thread 0x14fd5800 nmethod 16 0x02aa9248 code [0x02aa9540, 0x02aab308]
Event: 0.274 Thread 0x14fd5800   17  s          java.lang.StringBuffer::append (13 bytes)
Event: 0.274 Thread 0x14fd5800 nmethod 17 0x02aad508 code [0x02aad620, 0x02aad988]

GC Heap History (0 events):
No events

Deoptimization events (0 events):
No events

Classes redefined (0 events):
No events

Internal exceptions (2 events):
Event: 0.049 Thread 0x025ae400 Exception <a 'java/lang/NoSuchMethodError': Method sun.misc.Unsafe.defineClass(Ljava/lang/String;[BII)Ljava/lang/Class; name or signature does not match> (0x04a06eb0) thrown at [C:\re\workspace\8-2-build-windows-i586-cygwin\jdk8u231\13620\hotspot\src\shar
Event: 0.049 Thread 0x025ae400 Exception <a 'java/lang/NoSuchMethodError': Method sun.misc.Unsafe.prefetchRead(Ljava/lang/Object;J)V name or signature does not match> (0x04a07180) thrown at [C:\re\workspace\8-2-build-windows-i586-cygwin\jdk8u231\13620\hotspot\src\share\vm\prims\jni.cpp

Events (10 events):
Event: 7.002 Executing VM operation: GetCurrentLocation
Event: 7.002 Executing VM operation: GetCurrentLocation done
Event: 7.002 Executing VM operation: ChangeSingleStep
Event: 7.002 Executing VM operation: ChangeSingleStep done
Event: 7.002 Executing VM operation: ChangeSingleStep
Event: 7.002 Executing VM operation: ChangeSingleStep done
Event: 7.002 Executing VM operation: GetCurrentLocation
Event: 7.002 Executing VM operation: GetCurrentLocation done
Event: 7.002 Executing VM operation: ChangeSingleStep
Event: 7.002 Executing VM operation: ChangeSingleStep done


Dynamic libraries:
0x002a0000 - 0x002d3000 	D:\software\JAVA\jdk32_.8.0_231\bin\java.exe
0x77710000 - 0x778aa000 	C:\WINDOWS\SYSTEM32\ntdll.dll
0x75860000 - 0x75940000 	C:\WINDOWS\System32\KERNEL32.DLL
0x74f00000 - 0x750fd000 	C:\WINDOWS\System32\KERNELBASE.dll
0x74dd0000 - 0x74e6f000 	C:\WINDOWS\SYSTEM32\apphelp.dll
0x77550000 - 0x775c9000 	C:\WINDOWS\System32\ADVAPI32.dll
0x76a10000 - 0x76acf000 	C:\WINDOWS\System32\msvcrt.dll
0x75940000 - 0x759b6000 	C:\WINDOWS\System32\sechost.dll
0x76cd0000 - 0x76d8b000 	C:\WINDOWS\System32\RPCRT4.dll
0x74ee0000 - 0x74f00000 	C:\WINDOWS\System32\SspiCli.dll
0x74ed0000 - 0x74eda000 	C:\WINDOWS\System32\CRYPTBASE.dll
0x75590000 - 0x755ef000 	C:\WINDOWS\System32\bcryptPrimitives.dll
0x756c0000 - 0x75857000 	C:\WINDOWS\System32\USER32.dll
0x76cb0000 - 0x76cc7000 	C:\WINDOWS\System32\win32u.dll
0x769e0000 - 0x76a01000 	C:\WINDOWS\System32\GDI32.dll
0x75100000 - 0x7525a000 	C:\WINDOWS\System32\gdi32full.dll
0x76d90000 - 0x76e0c000 	C:\WINDOWS\System32\msvcp_win.dll
0x775d0000 - 0x776ef000 	C:\WINDOWS\System32\ucrtbase.dll
0x73c70000 - 0x73e7f000 	C:\WINDOWS\WinSxS\x86_microsoft.windows.common-controls_6595b64144ccf1df_6.0.18362.657_none_2e72ec50278a619e\COMCTL32.dll
0x76760000 - 0x769d5000 	C:\WINDOWS\System32\combase.dll
0x759f0000 - 0x75a15000 	C:\WINDOWS\System32\IMM32.DLL
0x65b70000 - 0x65c2f000 	D:\software\JAVA\jdk32_.8.0_231\jre\bin\msvcr100.dll
0x62b10000 - 0x62ee6000 	D:\software\JAVA\jdk32_.8.0_231\jre\bin\client\jvm.dll
0x76ad0000 - 0x76ad6000 	C:\WINDOWS\System32\PSAPI.DLL
0x73410000 - 0x73418000 	C:\WINDOWS\SYSTEM32\WSOCK32.dll
0x76600000 - 0x7665e000 	C:\WINDOWS\System32\WS2_32.dll
0x73780000 - 0x737a4000 	C:\WINDOWS\SYSTEM32\WINMM.dll
0x749e0000 - 0x749e8000 	C:\WINDOWS\SYSTEM32\VERSION.dll
0x735f0000 - 0x73613000 	C:\WINDOWS\SYSTEM32\WINMMBASE.dll
0x760c0000 - 0x760fb000 	C:\WINDOWS\System32\cfgmgr32.dll
0x680e0000 - 0x680ec000 	D:\software\JAVA\jdk32_.8.0_231\jre\bin\verify.dll
0x66ed0000 - 0x66ef1000 	D:\software\JAVA\jdk32_.8.0_231\jre\bin\java.dll
0x65a80000 - 0x65aab000 	D:\software\JAVA\jdk32_.8.0_231\jre\bin\jdwp.dll
0x680d0000 - 0x680d7000 	D:\software\JAVA\jdk32_.8.0_231\jre\bin\npt.dll
0x67aa0000 - 0x67ac0000 	D:\software\JAVA\jdk32_.8.0_231\jre\bin\instrument.dll
0x68080000 - 0x68094000 	D:\software\JAVA\jdk32_.8.0_231\jre\bin\zip.dll
0x75b40000 - 0x760ba000 	C:\WINDOWS\System32\SHELL32.dll
0x76550000 - 0x765d4000 	C:\WINDOWS\System32\shcore.dll
0x76e10000 - 0x773d5000 	C:\WINDOWS\System32\windows.storage.dll
0x759d0000 - 0x759e7000 	C:\WINDOWS\System32\profapi.dll
0x766b0000 - 0x766f3000 	C:\WINDOWS\System32\powrprof.dll
0x76ba0000 - 0x76bad000 	C:\WINDOWS\System32\UMPDC.dll
0x76660000 - 0x766a4000 	C:\WINDOWS\System32\shlwapi.dll
0x776f0000 - 0x776ff000 	C:\WINDOWS\System32\kernel.appcore.dll
0x76ae0000 - 0x76af3000 	C:\WINDOWS\System32\cryptsp.dll
0x66b90000 - 0x66b98000 	D:\software\JAVA\jdk32_.8.0_231\jre\bin\dt_socket.dll
0x728b0000 - 0x72902000 	C:\WINDOWS\system32\mswsock.dll
0x63370000 - 0x6342e000 	C:\Windows\System32\napitst32.dll
0x74690000 - 0x7481f000 	C:\WINDOWS\SYSTEM32\dbghelp.dll

VM Arguments:
jvm_args: -agentlib:jdwp=transport=dt_socket,address=127.0.0.1:64759,suspend=y,server=n -Djava.library.path=C:\Windows\SysWOW64 -javaagent:C:\Users\zaixz\.IntelliJIdea2018.1\system\captureAgent\debugger-agent.jar=file:/C:/Users/zaixz/AppData/Local/Temp/capture2.props -Dfile.encoding=UTF-8 
java_command: honeywell.HoneyWellServe
java_class_path (initial): D:\software\JAVA\jdk32_.8.0_231\jre\lib\charsets.jar;D:\software\JAVA\jdk32_.8.0_231\jre\lib\deploy.jar;D:\software\JAVA\jdk32_.8.0_231\jre\lib\ext\access-bridge-32.jar;D:\software\JAVA\jdk32_.8.0_231\jre\lib\ext\cldrdata.jar;D:\software\JAVA\jdk32_.8.0_231\jre\lib\ext\dnsns.jar;D:\software\JAVA\jdk32_.8.0_231\jre\lib\ext\jaccess.jar;D:\software\JAVA\jdk32_.8.0_231\jre\lib\ext\jfxrt.jar;D:\software\JAVA\jdk32_.8.0_231\jre\lib\ext\localedata.jar;D:\software\JAVA\jdk32_.8.0_231\jre\lib\ext\nashorn.jar;D:\software\JAVA\jdk32_.8.0_231\jre\lib\ext\sunec.jar;D:\software\JAVA\jdk32_.8.0_231\jre\lib\ext\sunjce_provider.jar;D:\software\JAVA\jdk32_.8.0_231\jre\lib\ext\sunmscapi.jar;D:\software\JAVA\jdk32_.8.0_231\jre\lib\ext\sunpkcs11.jar;D:\software\JAVA\jdk32_.8.0_231\jre\lib\ext\zipfs.jar;D:\software\JAVA\jdk32_.8.0_231\jre\lib\javaws.jar;D:\software\JAVA\jdk32_.8.0_231\jre\lib\jce.jar;D:\software\JAVA\jdk32_.8.0_231\jre\lib\jfr.jar;D:\software\JAVA\jdk32_.8.0_231\jre\lib\jfxswt.jar;D:\software\JAVA\jdk32_.8.0_231\jre\lib\jsse.jar;D:\software\JAVA\jdk32_.8.0_231\jre\lib\management-agent.jar;D:\software\JAVA\jdk32_.8.0_231\jre\lib\plugin.jar;D:\software\JAVA\jdk32_.8.0_231\jre\lib\resources.jar;D:\software\JAVA\jdk32_.8.0_231\jre\lib\rt.jar;E:\2020project\Honeywellapi\out\production\Honeywellapi;D:\Program Files\JetBrains\IntelliJ IDEA 2018.1.2\lib\idea_rt.jar;C:\Users\zaixz\.IntelliJIdea2018.1\system\captureAgent\debugger-agent.jar
Launcher Type: SUN_STANDARD

Environment Variables:
JAVA_HOME=D:\software\JAVA\jdk-9.0.1
JRE_HOME=D:\software\JAVA\jre-9.0.1
CLASSPATH=.;d:\360downloads\software\lib\sound.jar;d:\360downloads\software\lib\jmf.jar;d:\360downloads\software\lib;
PATH=D:\Program Files\opencv\build\x64\vc14\bin;D:\Python\Scripts\;D:\Python\;D:\software\JAVA\jre-9.0.1\bin;D:\software\JAVA\jdk-9.0.1\bin;C:\apache-tomcat-9.0.8-windows-x64\apache-tomcat-9.0.8\bin;C:\ProgramData\Oracle\Java\javapath;D:\Programs\Python\Python27;E:\android_KIT\activeMQ_Service\apache-activemq-5.15.3-bin (1)\apache-activemq-5.15.3\bin\win64;D:\Program Files\Android\Android Studio\jre\bin;C:\apache-maven-3.6.0\bin;C:\instantclient_12_2;C:\xampp\php\ext;C:\xampp\php;C:\WINDOWS\system32;C:\WINDOWS;C:\WINDOWS\System32\Wbem;C:\WINDOWS\System32\WindowsPowerShell\v1.0\;.;D:\Program Files\MATLAB\R2017b\runtime\win64;C:\Program Files (x86)\Common Files\Oracle\Java\javapath;D:\Program Files\MATLAB\R2017b\bin;C:\Program Files\Git\cmd;C:\Users\zaixz\AppData\Local\Android\Sdk\platform-tools;C:\Program Files\dotnet\;C:\Program Files\Microsoft SQL Server\130\Tools\Binn\;C:\WINDOWS\System32\OpenSSH\;D:\software\Oralce\instantclient_11_2_X64;C:\Program Files\Microsoft SQL Server\110\Tools\Binn\;C:\Program Files (x86)\Windows Kits\8.1\Windows Performance Toolkit\;C:\Redis-x64-3.2.100\;C:\Users\zaixz\AppData\Local\Microsoft\WindowsApps;D:\Program Files (x86)\Microsoft VS Code\bin;D:\Program Files\Bandizip\;
USERNAME=zaixz
OS=Windows_NT
PROCESSOR_IDENTIFIER=Intel64 Family 6 Model 94 Stepping 3, GenuineIntel



---------------  S Y S T E M  ---------------

OS: Windows 10.0 , 64 bit Build 18362 (10.0.18362.329)

CPU:total 2 (initial active 2) (2 cores per cpu, 1 threads per core) family 6 model 94 stepping 3, cmov, cx8, fxsr, mmx, sse, sse2, sse3, ssse3, sse4.1, sse4.2, popcnt, aes, clmul, erms, 3dnowpref, lzcnt, tsc, tscinvbit

Memory: 4k page, physical 8296440k(1369180k free), swap 13833016k(2706020k free)

vm_info: Java HotSpot(TM) Client VM (25.231-b11) for windows-x86 JRE (1.8.0_231-b11), built on Oct  5 2019 03:23:31 by "java_re" with MS VC++ 10.0 (VS2010)

time: Tue Mar 10 11:35:21 2020
timezone: 中国标准时间
elapsed time: 7 seconds (0d 0h 0m 7s)

