#
# A fatal error has been detected by the Java Runtime Environment:
#
#  EXCEPTION_ACCESS_VIOLATION (0xc0000005) at pc=0x16796ae7, pid=19176, tid=0x000039c4
#
# JRE version: Java(TM) SE Runtime Environment (8.0_231-b11) (build 1.8.0_231-b11)
# Java VM: Java HotSpot(TM) Client VM (25.231-b11 mixed mode, sharing windows-x86 )
# Problematic frame:
# C  [hscnetapi.dll+0x6ae7]
#
# Failed to write core dump. Minidumps are not enabled by default on client versions of Windows
#
# If you would like to submit a bug report, please visit:
#   http://bugreport.java.com/bugreport/crash.jsp
# The crash happened outside the Java Virtual Machine in native code.
# See problematic frame for where to report the bug.
#

---------------  T H R E A D  ---------------

Current thread (0x02dae000):  JavaThread "main" [_thread_in_native, id=14788, stack(0x00f80000,0x00fd0000)]

siginfo: ExceptionCode=0xc0000005, reading address 0xcdcdcdcd

Registers:
EAX=0xcdcdcdcd, EBX=0x168c1368, ECX=0x0000001d, EDX=0xcdcdcdce
ESP=0x00fcf820, EBP=0x010fe960, ESI=0x168c1368, EDI=0xcdcdcdcd
EIP=0x16796ae7, EFLAGS=0x00010282

Top of Stack: (sp=0x00fcf820)
0x00fcf820:   00000002 00000003 16796d22 168c1368
0x00fcf830:   cdcdcdcd 15b422e8 02dae000 15b422e8
0x00fcf840:   00fcf898 00000000 63c44084 010f9644
0x00fcf850:   63b96f3a 02e98c08 00000003 010fe948
0x00fcf860:   15b422e8 02e98c08 62b91d70 02dae000
0x00fcf870:   00000006 63c44084 02e98bf0 00000002
0x00fcf880:   15b422e8 00000000 0000000a 010f2340
0x00fcf890:   010fe948 00dae000 00fcf8e8 02ebdae1 

Instructions: (pc=0x16796ae7)
0x16796ac7:   40 2d 7a 16 50 6a 1e 6a 01 e8 5b 86 00 00 8b 4e
0x16796ad7:   20 83 c4 1c 85 ff 89 4e 2c 74 59 8b c7 8d 50 01
0x16796ae7:   8a 08 40 84 c9 75 f9 2b c2 66 85 c0 89 44 24 10
0x16796af7:   74 2f 6a 02 6a 01 8d 54 24 18 52 56 e8 98 bd ff 


Register to memory mapping:

EAX=0xcdcdcdcd is an unknown value
EBX=0x168c1368 is an unknown value
ECX=0x0000001d is an unknown value
EDX=0xcdcdcdce is an unknown value
ESP=0x00fcf820 is pointing into the stack for thread: 0x02dae000
EBP=0x010fe960 is an unknown value
ESI=0x168c1368 is an unknown value
EDI=0xcdcdcdcd is an unknown value


Stack: [0x00f80000,0x00fd0000],  sp=0x00fcf820,  free space=318k
Native frames: (J=compiled Java code, j=interpreted, Vv=VM code, C=native code)
C  [hscnetapi.dll+0x6ae7]

Java frames: (J=compiled Java code, j=interpreted, Vv=VM code)
j  honeywell.HoneyWellServe.getDeviceId(Ljava/lang/String;Ljava/lang/String;I[J)V+0
j  honeywell.HoneyWellServe.main([Ljava/lang/String;)V+29
v  ~StubRoutines::call_stub

---------------  P R O C E S S  ---------------

Java Threads: ( => current thread )
  0x02eae000 JavaThread "Service Thread" daemon [_thread_blocked, id=18856, stack(0x166b0000,0x16700000)]
  0x02e95000 JavaThread "C1 CompilerThread0" daemon [_thread_blocked, id=19172, stack(0x15e40000,0x15e90000)]
  0x02e94400 JavaThread "Monitor Ctrl-Break" daemon [_thread_in_native, id=20068, stack(0x15db0000,0x15e00000)]
  0x02e52800 JavaThread "Attach Listener" daemon [_thread_blocked, id=18224, stack(0x152a0000,0x152f0000)]
  0x02e3e800 JavaThread "Signal Dispatcher" daemon [_thread_blocked, id=14392, stack(0x15210000,0x15260000)]
  0x02e35400 JavaThread "Finalizer" daemon [_thread_blocked, id=13576, stack(0x15120000,0x15170000)]
  0x02dd6c00 JavaThread "Reference Handler" daemon [_thread_blocked, id=13116, stack(0x15090000,0x150e0000)]
=>0x02dae000 JavaThread "main" [_thread_in_native, id=14788, stack(0x00f80000,0x00fd0000)]

Other Threads:
  0x02dd4000 VMThread [stack: 0x15000000,0x15050000] [id=10340]
  0x02eaec00 WatcherThread [stack: 0x16740000,0x16790000] [id=14316]

VM state:not at safepoint (normal execution)

VM Mutex/Monitor currently owned by a thread: None

Heap:
 def new generation   total 4928K, used 1025K [0x05000000, 0x05550000, 0x0a550000)
  eden space 4416K,  23% used [0x05000000, 0x05100630, 0x05450000)
  from space 512K,   0% used [0x05450000, 0x05450000, 0x054d0000)
  to   space 512K,   0% used [0x054d0000, 0x054d0000, 0x05550000)
 tenured generation   total 10944K, used 0K [0x0a550000, 0x0b000000, 0x15000000)
   the space 10944K,   0% used [0x0a550000, 0x0a550000, 0x0a550200, 0x0b000000)
 Metaspace       used 130K, capacity 2280K, committed 2368K, reserved 4480K

Card table byte_map: [0x04f30000,0x04fc0000] byte_map_base: 0x04f08000

Polling page: 0x00fd0000

CodeCache: size=32768Kb used=664Kb max_used=664Kb free=32103Kb
 bounds [0x02eb0000, 0x02f58000, 0x04eb0000]
 total_blobs=152 nmethods=8 adapters=76
 compilation: enabled

Compilation events (10 events):
Event: 0.088 Thread 0x02e95000    4             java.lang.String::startsWith (72 bytes)
Event: 0.088 Thread 0x02e95000 nmethod 4 0x02f546c8 code [0x02f547d0, 0x02f54900]
Event: 0.088 Thread 0x02e95000    5             sun.nio.cs.UTF_8$Encoder::encode (359 bytes)
Event: 0.088 Thread 0x02e95000 nmethod 5 0x02f54a48 code [0x02f54b90, 0x02f54fd8]
Event: 0.088 Thread 0x02e95000    6             java.lang.String::indexOf (166 bytes)
Event: 0.089 Thread 0x02e95000 nmethod 6 0x02f554c8 code [0x02f555e0, 0x02f55810]
Event: 0.096 Thread 0x02e95000    7             java.lang.AbstractStringBuilder::ensureCapacityInternal (27 bytes)
Event: 0.096 Thread 0x02e95000 nmethod 7 0x02f55b48 code [0x02f55c60, 0x02f55e28]
Event: 0.096 Thread 0x02e95000    8             java.lang.String::charAt (29 bytes)
Event: 0.097 Thread 0x02e95000 nmethod 8 0x02f55f08 code [0x02f56010, 0x02f5610c]

GC Heap History (0 events):
No events

Deoptimization events (0 events):
No events

Classes redefined (0 events):
No events

Internal exceptions (2 events):
Event: 0.023 Thread 0x02dae000 Exception <a 'java/lang/NoSuchMethodError': Method sun.misc.Unsafe.defineClass(Ljava/lang/String;[BII)Ljava/lang/Class; name or signature does not match> (0x050079e0) thrown at [C:\re\workspace\8-2-build-windows-i586-cygwin\jdk8u231\13620\hotspot\src\shar
Event: 0.023 Thread 0x02dae000 Exception <a 'java/lang/NoSuchMethodError': Method sun.misc.Unsafe.prefetchRead(Ljava/lang/Object;J)V name or signature does not match> (0x05007cb0) thrown at [C:\re\workspace\8-2-build-windows-i586-cygwin\jdk8u231\13620\hotspot\src\share\vm\prims\jni.cpp

Events (10 events):
Event: 0.085 loading class sun/misc/PostVMInitHook$2
Event: 0.086 loading class sun/misc/PostVMInitHook$2 done
Event: 0.086 loading class jdk/internal/util/EnvUtils
Event: 0.086 loading class jdk/internal/util/EnvUtils done
Event: 0.086 loading class sun/misc/PostVMInitHook$1
Event: 0.086 loading class sun/misc/PostVMInitHook$1 done
Event: 0.087 loading class honeywell/HoneyWellServe
Event: 0.087 loading class honeywell/HoneyWellServe done
Event: 0.088 loading class sun/misc/URLClassPath$FileLoader$1
Event: 0.088 loading class sun/misc/URLClassPath$FileLoader$1 done


Dynamic libraries:
0x002a0000 - 0x002d3000 	D:\software\JAVA\jdk32_.8.0_231\bin\java.exe
0x77710000 - 0x778aa000 	C:\WINDOWS\SYSTEM32\ntdll.dll
0x75860000 - 0x75940000 	C:\WINDOWS\System32\KERNEL32.DLL
0x74f00000 - 0x750fd000 	C:\WINDOWS\System32\KERNELBASE.dll
0x74dd0000 - 0x74e6f000 	C:\WINDOWS\SYSTEM32\apphelp.dll
0x77550000 - 0x775c9000 	C:\WINDOWS\System32\ADVAPI32.dll
0x76a10000 - 0x76acf000 	C:\WINDOWS\System32\msvcrt.dll
0x75940000 - 0x759b6000 	C:\WINDOWS\System32\sechost.dll
0x76cd0000 - 0x76d8b000 	C:\WINDOWS\System32\RPCRT4.dll
0x74ee0000 - 0x74f00000 	C:\WINDOWS\System32\SspiCli.dll
0x74ed0000 - 0x74eda000 	C:\WINDOWS\System32\CRYPTBASE.dll
0x75590000 - 0x755ef000 	C:\WINDOWS\System32\bcryptPrimitives.dll
0x756c0000 - 0x75857000 	C:\WINDOWS\System32\USER32.dll
0x76cb0000 - 0x76cc7000 	C:\WINDOWS\System32\win32u.dll
0x769e0000 - 0x76a01000 	C:\WINDOWS\System32\GDI32.dll
0x75100000 - 0x7525a000 	C:\WINDOWS\System32\gdi32full.dll
0x76d90000 - 0x76e0c000 	C:\WINDOWS\System32\msvcp_win.dll
0x775d0000 - 0x776ef000 	C:\WINDOWS\System32\ucrtbase.dll
0x73c70000 - 0x73e7f000 	C:\WINDOWS\WinSxS\x86_microsoft.windows.common-controls_6595b64144ccf1df_6.0.18362.657_none_2e72ec50278a619e\COMCTL32.dll
0x76760000 - 0x769d5000 	C:\WINDOWS\System32\combase.dll
0x759f0000 - 0x75a15000 	C:\WINDOWS\System32\IMM32.DLL
0x65b70000 - 0x65c2f000 	D:\software\JAVA\jdk32_.8.0_231\jre\bin\msvcr100.dll
0x62b10000 - 0x62ee6000 	D:\software\JAVA\jdk32_.8.0_231\jre\bin\client\jvm.dll
0x76ad0000 - 0x76ad6000 	C:\WINDOWS\System32\PSAPI.DLL
0x73410000 - 0x73418000 	C:\WINDOWS\SYSTEM32\WSOCK32.dll
0x76600000 - 0x7665e000 	C:\WINDOWS\System32\WS2_32.dll
0x73780000 - 0x737a4000 	C:\WINDOWS\SYSTEM32\WINMM.dll
0x749e0000 - 0x749e8000 	C:\WINDOWS\SYSTEM32\VERSION.dll
0x735f0000 - 0x73613000 	C:\WINDOWS\SYSTEM32\WINMMBASE.dll
0x760c0000 - 0x760fb000 	C:\WINDOWS\System32\cfgmgr32.dll
0x6a2c0000 - 0x6a2cc000 	D:\software\JAVA\jdk32_.8.0_231\jre\bin\verify.dll
0x692d0000 - 0x692f1000 	D:\software\JAVA\jdk32_.8.0_231\jre\bin\java.dll
0x692b0000 - 0x692d0000 	D:\software\JAVA\jdk32_.8.0_231\jre\bin\instrument.dll
0x69290000 - 0x692a4000 	D:\software\JAVA\jdk32_.8.0_231\jre\bin\zip.dll
0x75b40000 - 0x760ba000 	C:\WINDOWS\System32\SHELL32.dll
0x76550000 - 0x765d4000 	C:\WINDOWS\System32\shcore.dll
0x76e10000 - 0x773d5000 	C:\WINDOWS\System32\windows.storage.dll
0x759d0000 - 0x759e7000 	C:\WINDOWS\System32\profapi.dll
0x766b0000 - 0x766f3000 	C:\WINDOWS\System32\powrprof.dll
0x76ba0000 - 0x76bad000 	C:\WINDOWS\System32\UMPDC.dll
0x76660000 - 0x766a4000 	C:\WINDOWS\System32\shlwapi.dll
0x776f0000 - 0x776ff000 	C:\WINDOWS\System32\kernel.appcore.dll
0x76ae0000 - 0x76af3000 	C:\WINDOWS\System32\cryptsp.dll
0x69270000 - 0x69286000 	D:\Program Files\JetBrains\IntelliJ IDEA 2018.1.2\bin\breakgen.dll
0x691e0000 - 0x691f6000 	D:\software\JAVA\jdk32_.8.0_231\jre\bin\net.dll
0x728b0000 - 0x72902000 	C:\WINDOWS\system32\mswsock.dll
0x63b90000 - 0x63c50000 	C:\Windows\System32\napitst32.dll
0x16790000 - 0x167b7000 	C:\WINDOWS\SYSTEM32\hscnetapi.dll
0x76b00000 - 0x76b92000 	C:\WINDOWS\System32\OLEAUT32.dll
0x220d0000 - 0x22126000 	C:\WINDOWS\SYSTEM32\MSVCR71.dll
0x71020000 - 0x71031000 	C:\WINDOWS\system32\napinsp.dll
0x71000000 - 0x71016000 	C:\WINDOWS\system32\pnrpnsp.dll
0x72aa0000 - 0x72b31000 	C:\WINDOWS\SYSTEM32\DNSAPI.dll
0x75b30000 - 0x75b37000 	C:\WINDOWS\System32\NSI.dll
0x749a0000 - 0x749d2000 	C:\WINDOWS\SYSTEM32\IPHLPAPI.DLL
0x70ff0000 - 0x70ffb000 	C:\WINDOWS\System32\winrnr.dll
0x70fd0000 - 0x70fe6000 	C:\WINDOWS\system32\NLAapi.dll
0x70fc0000 - 0x70fd0000 	C:\WINDOWS\system32\wshbth.dll
0x70f50000 - 0x70fa1000 	C:\WINDOWS\System32\fwpuclnt.dll
0x765e0000 - 0x765f9000 	C:\WINDOWS\System32\bcrypt.dll
0x70fb0000 - 0x70fb8000 	C:\Windows\System32\rasadhlp.dll
0x74690000 - 0x7481f000 	C:\WINDOWS\SYSTEM32\dbghelp.dll

VM Arguments:
jvm_args: -Djava.library.path=C:\Windows\SysWOW64 -javaagent:D:\Program Files\JetBrains\IntelliJ IDEA 2018.1.2\lib\idea_rt.jar=63755:D:\Program Files\JetBrains\IntelliJ IDEA 2018.1.2\bin -Dfile.encoding=UTF-8 
java_command: honeywell.HoneyWellServe
java_class_path (initial): D:\software\JAVA\jdk32_.8.0_231\jre\lib\charsets.jar;D:\software\JAVA\jdk32_.8.0_231\jre\lib\deploy.jar;D:\software\JAVA\jdk32_.8.0_231\jre\lib\ext\access-bridge-32.jar;D:\software\JAVA\jdk32_.8.0_231\jre\lib\ext\cldrdata.jar;D:\software\JAVA\jdk32_.8.0_231\jre\lib\ext\dnsns.jar;D:\software\JAVA\jdk32_.8.0_231\jre\lib\ext\jaccess.jar;D:\software\JAVA\jdk32_.8.0_231\jre\lib\ext\jfxrt.jar;D:\software\JAVA\jdk32_.8.0_231\jre\lib\ext\localedata.jar;D:\software\JAVA\jdk32_.8.0_231\jre\lib\ext\nashorn.jar;D:\software\JAVA\jdk32_.8.0_231\jre\lib\ext\sunec.jar;D:\software\JAVA\jdk32_.8.0_231\jre\lib\ext\sunjce_provider.jar;D:\software\JAVA\jdk32_.8.0_231\jre\lib\ext\sunmscapi.jar;D:\software\JAVA\jdk32_.8.0_231\jre\lib\ext\sunpkcs11.jar;D:\software\JAVA\jdk32_.8.0_231\jre\lib\ext\zipfs.jar;D:\software\JAVA\jdk32_.8.0_231\jre\lib\javaws.jar;D:\software\JAVA\jdk32_.8.0_231\jre\lib\jce.jar;D:\software\JAVA\jdk32_.8.0_231\jre\lib\jfr.jar;D:\software\JAVA\jdk32_.8.0_231\jre\lib\jfxswt.jar;D:\software\JAVA\jdk32_.8.0_231\jre\lib\jsse.jar;D:\software\JAVA\jdk32_.8.0_231\jre\lib\management-agent.jar;D:\software\JAVA\jdk32_.8.0_231\jre\lib\plugin.jar;D:\software\JAVA\jdk32_.8.0_231\jre\lib\resources.jar;D:\software\JAVA\jdk32_.8.0_231\jre\lib\rt.jar;E:\2020project\Honeywellapi\out\production\Honeywellapi;D:\Program Files\JetBrains\IntelliJ IDEA 2018.1.2\lib\idea_rt.jar
Launcher Type: SUN_STANDARD

Environment Variables:
JAVA_HOME=D:\software\JAVA\jdk-9.0.1
JRE_HOME=D:\software\JAVA\jre-9.0.1
CLASSPATH=.;d:\360downloads\software\lib\sound.jar;d:\360downloads\software\lib\jmf.jar;d:\360downloads\software\lib;
PATH=D:\Program Files\opencv\build\x64\vc14\bin;D:\Python\Scripts\;D:\Python\;D:\software\JAVA\jre-9.0.1\bin;D:\software\JAVA\jdk-9.0.1\bin;C:\apache-tomcat-9.0.8-windows-x64\apache-tomcat-9.0.8\bin;C:\ProgramData\Oracle\Java\javapath;D:\Programs\Python\Python27;E:\android_KIT\activeMQ_Service\apache-activemq-5.15.3-bin (1)\apache-activemq-5.15.3\bin\win64;D:\Program Files\Android\Android Studio\jre\bin;C:\apache-maven-3.6.0\bin;C:\instantclient_12_2;C:\xampp\php\ext;C:\xampp\php;C:\WINDOWS\system32;C:\WINDOWS;C:\WINDOWS\System32\Wbem;C:\WINDOWS\System32\WindowsPowerShell\v1.0\;.;D:\Program Files\MATLAB\R2017b\runtime\win64;C:\Program Files (x86)\Common Files\Oracle\Java\javapath;D:\Program Files\MATLAB\R2017b\bin;C:\Program Files\Git\cmd;C:\Users\zaixz\AppData\Local\Android\Sdk\platform-tools;C:\Program Files\dotnet\;C:\Program Files\Microsoft SQL Server\130\Tools\Binn\;C:\WINDOWS\System32\OpenSSH\;D:\software\Oralce\instantclient_11_2_X64;C:\Program Files\Microsoft SQL Server\110\Tools\Binn\;C:\Program Files (x86)\Windows Kits\8.1\Windows Performance Toolkit\;C:\Redis-x64-3.2.100\;C:\Users\zaixz\AppData\Local\Microsoft\WindowsApps;D:\Program Files (x86)\Microsoft VS Code\bin;D:\Program Files\Bandizip\;
USERNAME=zaixz
OS=Windows_NT
PROCESSOR_IDENTIFIER=Intel64 Family 6 Model 94 Stepping 3, GenuineIntel



---------------  S Y S T E M  ---------------

OS: Windows 10.0 , 64 bit Build 18362 (10.0.18362.329)

CPU:total 2 (initial active 2) (2 cores per cpu, 1 threads per core) family 6 model 94 stepping 3, cmov, cx8, fxsr, mmx, sse, sse2, sse3, ssse3, sse4.1, sse4.2, popcnt, aes, clmul, erms, 3dnowpref, lzcnt, tsc, tscinvbit

Memory: 4k page, physical 8296440k(2046156k free), swap 13833016k(3360264k free)

vm_info: Java HotSpot(TM) Client VM (25.231-b11) for windows-x86 JRE (1.8.0_231-b11), built on Oct  5 2019 03:23:31 by "java_re" with MS VC++ 10.0 (VS2010)

time: Tue Mar 10 16:02:35 2020
timezone: 中国标准时间
elapsed time: 0 seconds (0d 0h 0m 0s)

