#
# A fatal error has been detected by the Java Runtime Environment:
#
#  EXCEPTION_ACCESS_VIOLATION (0xc0000005) at pc=0x65b71ed7, pid=23144, tid=0x000061c0
#
# JRE version: Java(TM) SE Runtime Environment (8.0_231-b11) (build 1.8.0_231-b11)
# Java VM: Java HotSpot(TM) Client VM (25.231-b11 mixed mode windows-x86 )
# Problematic frame:
# C  [msvcr100.dll+0x1ed7]
#
# Failed to write core dump. Minidumps are not enabled by default on client versions of Windows
#
# If you would like to submit a bug report, please visit:
#   http://bugreport.java.com/bugreport/crash.jsp
#

---------------  T H R E A D  ---------------

Current thread (0x0345e400):  JavaThread "main" [_thread_in_vm, id=25024, stack(0x017a0000,0x017f0000)]

siginfo: ExceptionCode=0xc0000005, reading address 0x05d50000

Registers:
EAX=0x06638766, EBX=0x059f86a4, ECX=0x0023a1d9, EDX=0x00000002
ESP=0x017ef638, EBP=0x017ef640, ESI=0x05d50000, EDI=0x165ff97c
EIP=0x65b71ed7, EFLAGS=0x00010216

Top of Stack: (sp=0x017ef638)
0x017ef638:   162a8020 00c400c2 017ef674 62bf6658
0x017ef648:   162a8020 059f86a4 00c400c2 0345e400
0x017ef658:   15a3b9a8 15a3b9a8 0345e400 00000006
0x017ef668:   00000004 15a3b9a8 017ef698 017ef698
0x017ef678:   63376e07 0345e400 017ef6f0 00000000
0x017ef688:   0345e400 15d28d20 00000003 0045e400
0x017ef698:   017ef6e0 036641b9 0345e540 017ef6f8
0x017ef6a8:   017ef6f4 017ef6f0 017ef6e0 03663ea0 

Instructions: (pc=0x65b71ed7)
0x65b71eb7:   e6 0f 3b fe 5e 5f 75 05 e9 35 eb 00 00 f7 c7 03
0x65b71ec7:   00 00 00 75 14 c1 e9 02 83 e2 03 83 f9 08 72 29
0x65b71ed7:   f3 a5 ff 24 95 f0 1f b7 65 8b c7 ba 03 00 00 00
0x65b71ee7:   83 e9 04 72 0c 83 e0 03 03 c8 ff 24 85 04 1f b7 


Register to memory mapping:

EAX=0x06638766 is an unallocated location in the heap
EBX=
[error occurred during error reporting (printing register info), id 0xc0000005]

Stack: [0x017a0000,0x017f0000],  sp=0x017ef638,  free space=317k
Native frames: (J=compiled Java code, j=interpreted, Vv=VM code, C=native code)
C  [msvcr100.dll+0x1ed7]
V  [jvm.dll+0xe6658]
C  [napitst32.dll+0x6e07]  Java_honeywell_HoneyWellServe_getDeviceId+0x97
j  honeywell.HoneyWellServe.getDeviceId([C[J)V+0
j  honeywell.HoneyWellServe.main([Ljava/lang/String;)V+32
v  ~StubRoutines::call_stub
V  [jvm.dll+0x15c3d5]
V  [jvm.dll+0x2260ae]
V  [jvm.dll+0x15c46e]
V  [jvm.dll+0xdda67]
V  [jvm.dll+0xe600f]
C  [java.exe+0x2363]
C  [java.exe+0xb03f]
C  [java.exe+0xb0c9]
C  [KERNEL32.DLL+0x16359]
C  [ntdll.dll+0x67b74]
C  [ntdll.dll+0x67b44]
C  0x00000000

Java frames: (J=compiled Java code, j=interpreted, Vv=VM code)
j  honeywell.HoneyWellServe.getDeviceId([C[J)V+0
j  honeywell.HoneyWellServe.main([Ljava/lang/String;)V+32
v  ~StubRoutines::call_stub

---------------  P R O C E S S  ---------------

Java Threads: ( => current thread )
  0x15d41c00 JavaThread "Service Thread" daemon [_thread_blocked, id=92, stack(0x161c0000,0x16210000)]
  0x15d1cc00 JavaThread "C1 CompilerThread0" daemon [_thread_blocked, id=11160, stack(0x16130000,0x16180000)]
  0x15cd7c00 JavaThread "JDWP Command Reader" daemon [_thread_in_native, id=23280, stack(0x160a0000,0x160f0000)]
  0x15cd1800 JavaThread "JDWP Event Helper Thread" daemon [_thread_blocked, id=15756, stack(0x16010000,0x16060000)]
  0x15ccfc00 JavaThread "JDWP Transport Listener: dt_socket" daemon [_thread_blocked, id=11968, stack(0x15f80000,0x15fd0000)]
  0x15cc6800 JavaThread "Attach Listener" daemon [_thread_blocked, id=19400, stack(0x15ef0000,0x15f40000)]
  0x15cc5800 JavaThread "Signal Dispatcher" daemon [_thread_blocked, id=16904, stack(0x15e60000,0x15eb0000)]
  0x15c79c00 JavaThread "Finalizer" daemon [_thread_blocked, id=18748, stack(0x056e0000,0x05730000)]
  0x15c77800 JavaThread "Reference Handler" daemon [_thread_blocked, id=8968, stack(0x05650000,0x056a0000)]
=>0x0345e400 JavaThread "main" [_thread_in_vm, id=25024, stack(0x017a0000,0x017f0000)]

Other Threads:
  0x15c60c00 VMThread [stack: 0x035a0000,0x035f0000] [id=9280]
  0x15d8fc00 WatcherThread [stack: 0x16250000,0x162a0000] [id=21880]

VM state:not at safepoint (normal execution)

VM Mutex/Monitor currently owned by a thread: None

Heap:
 def new generation   total 4928K, used 2086K [0x05800000, 0x05d50000, 0x0ad50000)
  eden space 4416K,  47% used [0x05800000, 0x05a099d8, 0x05c50000)
  from space 512K,   0% used [0x05c50000, 0x05c50000, 0x05cd0000)
  to   space 512K,   0% used [0x05cd0000, 0x05cd0000, 0x05d50000)
 tenured generation   total 10944K, used 0K [0x0ad50000, 0x0b800000, 0x15800000)
   the space 10944K,   0% used [0x0ad50000, 0x0ad50000, 0x0ad50200, 0x0b800000)
 Metaspace       used 2189K, capacity 2312K, committed 2368K, reserved 4480K

Card table byte_map: [0x033a0000,0x03430000] byte_map_base: 0x03374000

Polling page: 0x01450000

CodeCache: size=32768Kb used=695Kb max_used=695Kb free=32073Kb
 bounds [0x03650000, 0x03700000, 0x05650000]
 total_blobs=152 nmethods=17 adapters=75
 compilation: enabled

Compilation events (10 events):
Event: 0.681 Thread 0x15d1cc00   13             sun.nio.cs.UTF_8$Encoder::encode (359 bytes)
Event: 0.682 Thread 0x15d1cc00 nmethod 13 0x036f8248 code [0x036f8390, 0x036f87e8]
Event: 0.682 Thread 0x15d1cc00   14             java.lang.String::charAt (29 bytes)
Event: 0.683 Thread 0x15d1cc00 nmethod 14 0x036f8d48 code [0x036f8e60, 0x036f8f5c]
Event: 0.683 Thread 0x15d1cc00   15             java.lang.Object::<init> (1 bytes)
Event: 0.683 Thread 0x15d1cc00 nmethod 15 0x036f9048 code [0x036f9140, 0x036f91d0]
Event: 0.683 Thread 0x15d1cc00   16             java.io.WinNTFileSystem::normalize (231 bytes)
Event: 0.685 Thread 0x15d1cc00 nmethod 16 0x036f9248 code [0x036f9540, 0x036fb308]
Event: 0.685 Thread 0x15d1cc00   17  s          java.lang.StringBuffer::append (13 bytes)
Event: 0.685 Thread 0x15d1cc00 nmethod 17 0x036fd508 code [0x036fd620, 0x036fd988]

GC Heap History (0 events):
No events

Deoptimization events (0 events):
No events

Classes redefined (0 events):
No events

Internal exceptions (2 events):
Event: 0.053 Thread 0x0345e400 Exception <a 'java/lang/NoSuchMethodError': Method sun.misc.Unsafe.defineClass(Ljava/lang/String;[BII)Ljava/lang/Class; name or signature does not match> (0x05806eb0) thrown at [C:\re\workspace\8-2-build-windows-i586-cygwin\jdk8u231\13620\hotspot\src\shar
Event: 0.053 Thread 0x0345e400 Exception <a 'java/lang/NoSuchMethodError': Method sun.misc.Unsafe.prefetchRead(Ljava/lang/Object;J)V name or signature does not match> (0x05807180) thrown at [C:\re\workspace\8-2-build-windows-i586-cygwin\jdk8u231\13620\hotspot\src\share\vm\prims\jni.cpp

Events (10 events):
Event: 7.466 Executing VM operation: GetCurrentLocation
Event: 7.466 Executing VM operation: GetCurrentLocation done
Event: 7.466 Executing VM operation: ChangeSingleStep
Event: 7.467 Executing VM operation: ChangeSingleStep done
Event: 7.467 Executing VM operation: ChangeSingleStep
Event: 7.467 Executing VM operation: ChangeSingleStep done
Event: 7.467 Executing VM operation: GetCurrentLocation
Event: 7.467 Executing VM operation: GetCurrentLocation done
Event: 7.467 Executing VM operation: ChangeSingleStep
Event: 7.467 Executing VM operation: ChangeSingleStep done


Dynamic libraries:
0x002a0000 - 0x002d3000 	D:\software\JAVA\jdk32_.8.0_231\bin\java.exe
0x77710000 - 0x778aa000 	C:\WINDOWS\SYSTEM32\ntdll.dll
0x75860000 - 0x75940000 	C:\WINDOWS\System32\KERNEL32.DLL
0x74f00000 - 0x750fd000 	C:\WINDOWS\System32\KERNELBASE.dll
0x74dd0000 - 0x74e6f000 	C:\WINDOWS\SYSTEM32\apphelp.dll
0x77550000 - 0x775c9000 	C:\WINDOWS\System32\ADVAPI32.dll
0x76a10000 - 0x76acf000 	C:\WINDOWS\System32\msvcrt.dll
0x75940000 - 0x759b6000 	C:\WINDOWS\System32\sechost.dll
0x76cd0000 - 0x76d8b000 	C:\WINDOWS\System32\RPCRT4.dll
0x74ee0000 - 0x74f00000 	C:\WINDOWS\System32\SspiCli.dll
0x74ed0000 - 0x74eda000 	C:\WINDOWS\System32\CRYPTBASE.dll
0x75590000 - 0x755ef000 	C:\WINDOWS\System32\bcryptPrimitives.dll
0x756c0000 - 0x75857000 	C:\WINDOWS\System32\USER32.dll
0x76cb0000 - 0x76cc7000 	C:\WINDOWS\System32\win32u.dll
0x769e0000 - 0x76a01000 	C:\WINDOWS\System32\GDI32.dll
0x75100000 - 0x7525a000 	C:\WINDOWS\System32\gdi32full.dll
0x76d90000 - 0x76e0c000 	C:\WINDOWS\System32\msvcp_win.dll
0x775d0000 - 0x776ef000 	C:\WINDOWS\System32\ucrtbase.dll
0x73c70000 - 0x73e7f000 	C:\WINDOWS\WinSxS\x86_microsoft.windows.common-controls_6595b64144ccf1df_6.0.18362.657_none_2e72ec50278a619e\COMCTL32.dll
0x76760000 - 0x769d5000 	C:\WINDOWS\System32\combase.dll
0x759f0000 - 0x75a15000 	C:\WINDOWS\System32\IMM32.DLL
0x65b70000 - 0x65c2f000 	D:\software\JAVA\jdk32_.8.0_231\jre\bin\msvcr100.dll
0x62b10000 - 0x62ee6000 	D:\software\JAVA\jdk32_.8.0_231\jre\bin\client\jvm.dll
0x76ad0000 - 0x76ad6000 	C:\WINDOWS\System32\PSAPI.DLL
0x73410000 - 0x73418000 	C:\WINDOWS\SYSTEM32\WSOCK32.dll
0x76600000 - 0x7665e000 	C:\WINDOWS\System32\WS2_32.dll
0x73780000 - 0x737a4000 	C:\WINDOWS\SYSTEM32\WINMM.dll
0x749e0000 - 0x749e8000 	C:\WINDOWS\SYSTEM32\VERSION.dll
0x735f0000 - 0x73613000 	C:\WINDOWS\SYSTEM32\WINMMBASE.dll
0x760c0000 - 0x760fb000 	C:\WINDOWS\System32\cfgmgr32.dll
0x680e0000 - 0x680ec000 	D:\software\JAVA\jdk32_.8.0_231\jre\bin\verify.dll
0x66ed0000 - 0x66ef1000 	D:\software\JAVA\jdk32_.8.0_231\jre\bin\java.dll
0x65a80000 - 0x65aab000 	D:\software\JAVA\jdk32_.8.0_231\jre\bin\jdwp.dll
0x680d0000 - 0x680d7000 	D:\software\JAVA\jdk32_.8.0_231\jre\bin\npt.dll
0x67aa0000 - 0x67ac0000 	D:\software\JAVA\jdk32_.8.0_231\jre\bin\instrument.dll
0x68080000 - 0x68094000 	D:\software\JAVA\jdk32_.8.0_231\jre\bin\zip.dll
0x75b40000 - 0x760ba000 	C:\WINDOWS\System32\SHELL32.dll
0x76550000 - 0x765d4000 	C:\WINDOWS\System32\shcore.dll
0x76e10000 - 0x773d5000 	C:\WINDOWS\System32\windows.storage.dll
0x759d0000 - 0x759e7000 	C:\WINDOWS\System32\profapi.dll
0x766b0000 - 0x766f3000 	C:\WINDOWS\System32\powrprof.dll
0x76ba0000 - 0x76bad000 	C:\WINDOWS\System32\UMPDC.dll
0x76660000 - 0x766a4000 	C:\WINDOWS\System32\shlwapi.dll
0x776f0000 - 0x776ff000 	C:\WINDOWS\System32\kernel.appcore.dll
0x76ae0000 - 0x76af3000 	C:\WINDOWS\System32\cryptsp.dll
0x66b90000 - 0x66b98000 	D:\software\JAVA\jdk32_.8.0_231\jre\bin\dt_socket.dll
0x728b0000 - 0x72902000 	C:\WINDOWS\system32\mswsock.dll
0x63370000 - 0x6342e000 	C:\Windows\System32\napitst32.dll
0x74690000 - 0x7481f000 	C:\WINDOWS\SYSTEM32\dbghelp.dll

VM Arguments:
jvm_args: -agentlib:jdwp=transport=dt_socket,address=127.0.0.1:64768,suspend=y,server=n -Djava.library.path=C:\Windows\SysWOW64 -javaagent:C:\Users\zaixz\.IntelliJIdea2018.1\system\captureAgent\debugger-agent.jar=file:/C:/Users/zaixz/AppData/Local/Temp/capture2.props -Dfile.encoding=UTF-8 
java_command: honeywell.HoneyWellServe
java_class_path (initial): D:\software\JAVA\jdk32_.8.0_231\jre\lib\charsets.jar;D:\software\JAVA\jdk32_.8.0_231\jre\lib\deploy.jar;D:\software\JAVA\jdk32_.8.0_231\jre\lib\ext\access-bridge-32.jar;D:\software\JAVA\jdk32_.8.0_231\jre\lib\ext\cldrdata.jar;D:\software\JAVA\jdk32_.8.0_231\jre\lib\ext\dnsns.jar;D:\software\JAVA\jdk32_.8.0_231\jre\lib\ext\jaccess.jar;D:\software\JAVA\jdk32_.8.0_231\jre\lib\ext\jfxrt.jar;D:\software\JAVA\jdk32_.8.0_231\jre\lib\ext\localedata.jar;D:\software\JAVA\jdk32_.8.0_231\jre\lib\ext\nashorn.jar;D:\software\JAVA\jdk32_.8.0_231\jre\lib\ext\sunec.jar;D:\software\JAVA\jdk32_.8.0_231\jre\lib\ext\sunjce_provider.jar;D:\software\JAVA\jdk32_.8.0_231\jre\lib\ext\sunmscapi.jar;D:\software\JAVA\jdk32_.8.0_231\jre\lib\ext\sunpkcs11.jar;D:\software\JAVA\jdk32_.8.0_231\jre\lib\ext\zipfs.jar;D:\software\JAVA\jdk32_.8.0_231\jre\lib\javaws.jar;D:\software\JAVA\jdk32_.8.0_231\jre\lib\jce.jar;D:\software\JAVA\jdk32_.8.0_231\jre\lib\jfr.jar;D:\software\JAVA\jdk32_.8.0_231\jre\lib\jfxswt.jar;D:\software\JAVA\jdk32_.8.0_231\jre\lib\jsse.jar;D:\software\JAVA\jdk32_.8.0_231\jre\lib\management-agent.jar;D:\software\JAVA\jdk32_.8.0_231\jre\lib\plugin.jar;D:\software\JAVA\jdk32_.8.0_231\jre\lib\resources.jar;D:\software\JAVA\jdk32_.8.0_231\jre\lib\rt.jar;E:\2020project\Honeywellapi\out\production\Honeywellapi;D:\Program Files\JetBrains\IntelliJ IDEA 2018.1.2\lib\idea_rt.jar;C:\Users\zaixz\.IntelliJIdea2018.1\system\captureAgent\debugger-agent.jar
Launcher Type: SUN_STANDARD

Environment Variables:
JAVA_HOME=D:\software\JAVA\jdk-9.0.1
JRE_HOME=D:\software\JAVA\jre-9.0.1
CLASSPATH=.;d:\360downloads\software\lib\sound.jar;d:\360downloads\software\lib\jmf.jar;d:\360downloads\software\lib;
PATH=D:\Program Files\opencv\build\x64\vc14\bin;D:\Python\Scripts\;D:\Python\;D:\software\JAVA\jre-9.0.1\bin;D:\software\JAVA\jdk-9.0.1\bin;C:\apache-tomcat-9.0.8-windows-x64\apache-tomcat-9.0.8\bin;C:\ProgramData\Oracle\Java\javapath;D:\Programs\Python\Python27;E:\android_KIT\activeMQ_Service\apache-activemq-5.15.3-bin (1)\apache-activemq-5.15.3\bin\win64;D:\Program Files\Android\Android Studio\jre\bin;C:\apache-maven-3.6.0\bin;C:\instantclient_12_2;C:\xampp\php\ext;C:\xampp\php;C:\WINDOWS\system32;C:\WINDOWS;C:\WINDOWS\System32\Wbem;C:\WINDOWS\System32\WindowsPowerShell\v1.0\;.;D:\Program Files\MATLAB\R2017b\runtime\win64;C:\Program Files (x86)\Common Files\Oracle\Java\javapath;D:\Program Files\MATLAB\R2017b\bin;C:\Program Files\Git\cmd;C:\Users\zaixz\AppData\Local\Android\Sdk\platform-tools;C:\Program Files\dotnet\;C:\Program Files\Microsoft SQL Server\130\Tools\Binn\;C:\WINDOWS\System32\OpenSSH\;D:\software\Oralce\instantclient_11_2_X64;C:\Program Files\Microsoft SQL Server\110\Tools\Binn\;C:\Program Files (x86)\Windows Kits\8.1\Windows Performance Toolkit\;C:\Redis-x64-3.2.100\;C:\Users\zaixz\AppData\Local\Microsoft\WindowsApps;D:\Program Files (x86)\Microsoft VS Code\bin;D:\Program Files\Bandizip\;
USERNAME=zaixz
OS=Windows_NT
PROCESSOR_IDENTIFIER=Intel64 Family 6 Model 94 Stepping 3, GenuineIntel



---------------  S Y S T E M  ---------------

OS: Windows 10.0 , 64 bit Build 18362 (10.0.18362.329)

CPU:total 2 (initial active 2) (2 cores per cpu, 1 threads per core) family 6 model 94 stepping 3, cmov, cx8, fxsr, mmx, sse, sse2, sse3, ssse3, sse4.1, sse4.2, popcnt, aes, clmul, erms, 3dnowpref, lzcnt, tsc, tscinvbit

Memory: 4k page, physical 8296440k(1344612k free), swap 13833016k(2690572k free)

vm_info: Java HotSpot(TM) Client VM (25.231-b11) for windows-x86 JRE (1.8.0_231-b11), built on Oct  5 2019 03:23:31 by "java_re" with MS VC++ 10.0 (VS2010)

time: Tue Mar 10 11:35:35 2020
timezone: 中国标准时间
elapsed time: 7 seconds (0d 0h 0m 7s)

